<?xml version="1.0" encoding="utf-8"?><testsuites name="pytest tests"><testsuite name="pytest" errors="0" failures="0" skipped="3" tests="86" time="117.160" timestamp="2026-09-08T10:41:36.040648+00:00" hostname="localhost"><testcase classname="tests.test_cli" name="test_cli_plan_is_safe_and_has_no_output_side_effects" time="1.292" /><testcase classname="tests.test_cli" name="test_cli_train_analyze_verify_and_application_override" time="10.859" /><testcase classname="tests.test_cli" name="test_application_factory_rejects_non_experiments" time="0.001" /><testcase classname="tests.test_config" name="test_user_example_is_five_runs_not_nine" time="0.001" /><testcase classname="tests.test_config" name="test_lists_are_literal_and_parameter_sets_are_atomic" time="0.003" /><testcase classname="tests.test_config" name="test_atomic_dictionary_and_identity_ignore_dictionary_order" time="0.001" /><testcase classname="tests.test_config" name="test_invalid_choice[value0]" time="0.001" /><testcase classname="tests.test_config" name="test_invalid_choice[value1]" time="0.001" /><testcase classname="tests.test_config" name="test_invalid_choice[not-a-list]" time="0.002" /><testcase classname="tests.test_config" name="test_invalid_sweep[config0]" time="0.003" /><testcase classname="tests.test_config" name="test_invalid_sweep[config1]" time="0.001" /><testcase classname="tests.test_config" name="test_invalid_sweep[config2]" time="0.001" /><testcase classname="tests.test_config" name="test_invalid_sweep[config3]" time="0.001" /><testcase classname="tests.test_config" name="test_all_variants_validated_before_first_training" time="0.006" /><testcase classname="tests.test_config" name="test_legacy_configuration_is_explicit" time="0.056" /><testcase classname="tests.test_config" name="test_network_and_dependency_options_are_ofat" time="0.010" /><testcase classname="tests.test_config" name="test_load_settings_and_unknown_profile" time="0.003" /><testcase classname="tests.test_config" name="test_bad_knobs_fail_early[data-train_size-127]" time="0.009" /><testcase classname="tests.test_config" name="test_bad_knobs_fail_early[training-epochs-0]" time="0.010" /><testcase classname="tests.test_config" name="test_bad_knobs_fail_early[training-learning_rate--0.1]" time="0.014" /><testcase classname="tests.test_config" name="test_bad_knobs_fail_early[training-precision-bad]" time="0.010" /><testcase classname="tests.test_config" name="test_bad_knobs_fail_early[model-dropout-1]" time="0.010" /><testcase classname="tests.test_config" name="test_bad_knobs_fail_early[inference-levels-value5]" time="0.008" /><testcase classname="tests.test_config" name="test_bad_knobs_fail_early[inference-candidate_count-0]" time="0.008" /><testcase classname="tests.test_config" name="test_bad_knobs_fail_early[inference-truth_margin_fraction-6]" time="0.015" /><testcase classname="tests.test_distributed" name="test_two_cpu_ddp_matches_single_global_batches_including_empty_last_shard" time="15.952" /><testcase classname="tests.test_distributed" name="test_two_cpu_workers_process_distinct_full_jobs_and_share_observations" time="32.390" /><testcase classname="tests.test_distributed" name="test_single_cuda_training_and_inference[off]" time="0.007"><skipped type="pytest.skip" message="No CUDA device available">/mnt/data/nnpd_clean/tests/test_distributed.py:77: No CUDA device available</skipped></testcase><testcase classname="tests.test_distributed" name="test_single_cuda_training_and_inference[float16]" time="0.000"><skipped type="pytest.skip" message="No CUDA device available">/mnt/data/nnpd_clean/tests/test_distributed.py:77: No CUDA device available</skipped></testcase><testcase classname="tests.test_distributed" name="test_two_cuda_nccl_training_and_inference" time="0.001"><skipped type="pytest.skip" message="Two CUDA devices are required">/mnt/data/nnpd_clean/tests/test_distributed.py:89: Two CUDA devices are required</skipped></testcase><testcase classname="tests.test_modes" name="test_adamw_residual_gradient_clipping_and_best_checkpoint[off]" time="0.345" /><testcase classname="tests.test_modes" name="test_adamw_residual_gradient_clipping_and_best_checkpoint[bfloat16]" time="0.303" /><testcase classname="tests.test_modes" name="test_sobol_truths_mixed_prior_support_and_zero_diagnostic_retention" time="0.315" /><testcase classname="tests.test_modes" name="test_no_posterior_or_reference_targets_is_explicit" time="0.276" /><testcase classname="tests.test_modes" name="test_runtime_validations" time="0.005" /><testcase classname="tests.test_notebooks" name="test_all_notebooks_execute_in_a_clean_copy_and_define_no_functions" time="37.444" /><testcase classname="tests.test_pipeline" name="test_real_pipeline_all_four_priors_shared_artifacts_and_reload" time="1.098" /><testcase classname="tests.test_pipeline" name="test_adding_metrics_and_repeating_runs_do_not_retrain" time="0.628" /><testcase classname="tests.test_pipeline" name="test_learning_rate_sweep_reuses_data_and_observations_but_not_model" time="0.616" /><testcase classname="tests.test_pipeline" name="test_saved_root_is_relocatable_and_restore_ignores_launcher_environment" time="0.637" /><testcase classname="tests.test_pipeline" name="test_train_then_analyze_and_no_implicit_training" time="0.389" /><testcase classname="tests.test_pipeline" name="test_failed_training_recovers_without_rebuilding_data" time="0.361" /><testcase classname="tests.test_pipeline" name="test_end_to_end_analytic_oracle_and_prior_multiplied_once" time="0.247" /><testcase classname="tests.test_pipeline" name="test_parameter_set_with_std_really_trains_and_evaluates" time="0.450" /><testcase classname="tests.test_pipeline" name="test_plots_and_result_readers" time="2.651" /><testcase classname="tests.test_pipeline" name="test_guard_refuses_large_work_without_shrinking_science" time="0.007" /><testcase classname="tests.test_pipeline" name="test_framework_has_no_gaussian_configuration_dependency" time="0.045" /><testcase classname="tests.test_science" name="test_continuous_priors_normalized_and_sampler_matches_density[uniform-0]" time="0.005" /><testcase classname="tests.test_science" name="test_continuous_priors_normalized_and_sampler_matches_density[normal-0]" time="0.029" /><testcase classname="tests.test_science" name="test_continuous_priors_normalized_and_sampler_matches_density[exponential-0.1]" time="0.006" /><testcase classname="tests.test_science" name="test_continuous_priors_normalized_and_sampler_matches_density[exponential--0.1]" time="0.009" /><testcase classname="tests.test_science" name="test_continuous_priors_normalized_and_sampler_matches_density[exponential-0]" time="0.005" /><testcase classname="tests.test_science" name="test_continuous_priors_normalized_and_sampler_matches_density[exponential-10]" time="0.008" /><testcase classname="tests.test_science" name="test_continuous_priors_normalized_and_sampler_matches_density[exponential--10]" time="0.009" /><testcase classname="tests.test_science" name="test_normal_uses_standard_deviation_four_not_variance_four" time="0.003" /><testcase classname="tests.test_science" name="test_grid_probability_mass_and_native_support" time="0.003" /><testcase classname="tests.test_science" name="test_mixed_support_and_selected_parameter_order" time="0.002" /><testcase classname="tests.test_science" name="test_invalid_dependencies[infer0]" time="0.003" /><testcase classname="tests.test_science" name="test_invalid_dependencies[infer1]" time="0.002" /><testcase classname="tests.test_science" name="test_invalid_dependencies[infer2]" time="0.002" /><testcase classname="tests.test_science" name="test_invalid_dependencies[infer3]" time="0.002" /><testcase classname="tests.test_science" name="test_invalid_dependencies[infer4]" time="0.002" /><testcase classname="tests.test_science" name="test_gaussian_likelihood_sampling_and_positive_std" time="0.016" /><testcase classname="tests.test_science" name="test_balanced_joint_product_and_exact_sizes" time="0.009" /><testcase classname="tests.test_science" name="test_hld_matches_analytic_gaussian_interval" time="0.003" /><testcase classname="tests.test_science" name="test_joint_hld_projection_is_not_marginal_hld" time="0.008" /><testcase classname="tests.test_science" name="test_hld_ranks_density_not_quadrature_mass_and_includes_ties" time="0.006" /><testcase classname="tests.test_science" name="test_invalid_density_rejected[scores0]" time="0.001" /><testcase classname="tests.test_science" name="test_invalid_density_rejected[scores1]" time="0.001" /><testcase classname="tests.test_science" name="test_invalid_density_rejected[scores2]" time="0.001" /><testcase classname="tests.test_science" name="test_extreme_scores_are_stable" time="0.002" /><testcase classname="tests.test_science" name="test_ensemble_log_ratio_and_chunk_equivalence" time="0.005" /><testcase classname="tests.test_science" name="test_models_return_scalar_logits_and_accept_mixed_inputs[mlp]" time="0.007" /><testcase classname="tests.test_science" name="test_models_return_scalar_logits_and_accept_mixed_inputs[residual]" time="0.005" /><testcase classname="tests.test_science" name="test_weighted_wasserstein_matches_scipy" time="0.002" /><testcase classname="tests.test_storage" name="test_fingerprints_distinguish_different_functions_in_same_module" time="0.079" /><testcase classname="tests.test_storage" name="test_atomic_failure_never_becomes_cache_hit" time="0.006" /><testcase classname="tests.test_storage" name="test_array_roundtrip_memmap_and_corruption_detection" time="0.015" /><testcase classname="tests.test_storage" name="test_unsafe_names_rejected[../foo]" time="0.001" /><testcase classname="tests.test_storage" name="test_unsafe_names_rejected[/tmp/foo]" time="0.001" /><testcase classname="tests.test_storage" name="test_unsafe_names_rejected[a/b]" time="0.002" /><testcase classname="tests.test_storage" name="test_unsafe_names_rejected[..]" time="0.006" /><testcase classname="tests.test_storage" name="test_unsafe_names_rejected[]" time="0.001" /><testcase classname="tests.test_storage" name="test_object_arrays_rejected" time="0.005" /><testcase classname="tests.test_storage" name="test_shared_product_builds_once_and_key_controls_reuse" time="0.090" /><testcase classname="tests.test_storage" name="test_dependency_cycle_and_missing_names_fail_before_training" time="0.005" /></testsuite></testsuites>